warning ../../../../package.json: No license field
$ storybook build --output-dir /var/folders/r4/11f1xhrx16sgtd6gwd6p52q00000gn/T/chromatic--71525-dEeQp9e5BWco
@storybook/cli v7.6.6

info => Cleaning outputDir: /var/folders/r4/11f1xhrx16sgtd6gwd6p52q00000gn/T/chromatic--71525-dEeQp9e5BWco
info => Loading presets
info => Building manager..
info => Manager built (90 ms)
info => Building preview..
info => Copying static files: /Users/mac/Desktop/Zimmerman/sample/compry/node_modules/@storybook/manager/static at /var/folders/r4/11f1xhrx16sgtd6gwd6p52q00000gn/T/chromatic--71525-dEeQp9e5BWco/sb-common-assets
info => Copying static files: /Users/mac/Desktop/Zimmerman/sample/compry/public at /var/folders/r4/11f1xhrx16sgtd6gwd6p52q00000gn/T/chromatic--71525-dEeQp9e5BWco/
vite v4.5.1 building for production...

./sb-common-assets/fonts.css doesn't exist at build time, it will remain unchanged to be resolved at runtime
transforming...
node_modules/telejson/dist/index.mjs (1413:15) Use of eval in "node_modules/telejson/dist/index.mjs" is strongly discouraged as it poses security risks and may cause issues with minification.
node_modules/telejson/dist/index.mjs (1416:18) Use of eval in "node_modules/telejson/dist/index.mjs" is strongly discouraged as it poses security risks and may cause issues with minification.
✓ 839 modules transformed.
rendering chunks...
computing gzip size...
../../../../../../var/folders/r4/11f1xhrx16sgtd6gwd6p52q00000gn/T/chromatic--71525-dEeQp9e5BWco/iframe.html                                     12.58 kB │ gzip:   3.58 kB
../../../../../../var/folders/r4/11f1xhrx16sgtd6gwd6p52q00000gn/T/chromatic--71525-dEeQp9e5BWco/assets/percolate-dac75269.ttf                   34.04 kB
../../../../../../var/folders/r4/11f1xhrx16sgtd6gwd6p52q00000gn/T/chromatic--71525-dEeQp9e5BWco/assets/percolate-ec979d96.woff                  34.11 kB
../../../../../../var/folders/r4/11f1xhrx16sgtd6gwd6p52q00000gn/T/chromatic--71525-dEeQp9e5BWco/assets/percolate-5ed633c2.eot                   34.21 kB
../../../../../../var/folders/r4/11f1xhrx16sgtd6gwd6p52q00000gn/T/chromatic--71525-dEeQp9e5BWco/assets/percolate-d13fa91b.svg                  140.51 kB │ gzip:  47.50 kB
../../../../../../var/folders/r4/11f1xhrx16sgtd6gwd6p52q00000gn/T/chromatic--71525-dEeQp9e5BWco/assets/preview-4f244d89.css                      6.87 kB │ gzip:   2.06 kB
../../../../../../var/folders/r4/11f1xhrx16sgtd6gwd6p52q00000gn/T/chromatic--71525-dEeQp9e5BWco/assets/_commonjs-dynamic-modules-302442b1.js     0.24 kB │ gzip:   0.19 kB
../../../../../../var/folders/r4/11f1xhrx16sgtd6gwd6p52q00000gn/T/chromatic--71525-dEeQp9e5BWco/assets/WithTooltip-V3YHNWJZ-d660a61c.js          0.44 kB │ gzip:   0.27 kB
../../../../../../var/folders/r4/11f1xhrx16sgtd6gwd6p52q00000gn/T/chromatic--71525-dEeQp9e5BWco/assets/syntaxhighlighter-V7JZZA35-db253a9e.js    0.45 kB │ gzip:   0.29 kB
../../../../../../var/folders/r4/11f1xhrx16sgtd6gwd6p52q00000gn/T/chromatic--71525-dEeQp9e5BWco/assets/preview-74a94984.js                       0.51 kB │ gzip:   0.33 kB
../../../../../../var/folders/r4/11f1xhrx16sgtd6gwd6p52q00000gn/T/chromatic--71525-dEeQp9e5BWco/assets/index-3fd0d1ea.js                         0.58 kB │ gzip:   0.35 kB
../../../../../../var/folders/r4/11f1xhrx16sgtd6gwd6p52q00000gn/T/chromatic--71525-dEeQp9e5BWco/assets/preview-73104b77.js                       0.64 kB │ gzip:   0.44 kB
../../../../../../var/folders/r4/11f1xhrx16sgtd6gwd6p52q00000gn/T/chromatic--71525-dEeQp9e5BWco/assets/_commonjsHelpers-de833af9.js              0.69 kB │ gzip:   0.38 kB
../../../../../../var/folders/r4/11f1xhrx16sgtd6gwd6p52q00000gn/T/chromatic--71525-dEeQp9e5BWco/assets/index-356e4a49.js                         0.77 kB │ gzip:   0.47 kB
../../../../../../var/folders/r4/11f1xhrx16sgtd6gwd6p52q00000gn/T/chromatic--71525-dEeQp9e5BWco/assets/index-8d47fad6.js                         0.80 kB │ gzip:   0.52 kB
../../../../../../var/folders/r4/11f1xhrx16sgtd6gwd6p52q00000gn/T/chromatic--71525-dEeQp9e5BWco/assets/preview-0ef86afd.js                       0.86 kB │ gzip:   0.55 kB
../../../../../../var/folders/r4/11f1xhrx16sgtd6gwd6p52q00000gn/T/chromatic--71525-dEeQp9e5BWco/assets/preview-a3366006.js                       1.04 kB │ gzip:   0.67 kB
../../../../../../var/folders/r4/11f1xhrx16sgtd6gwd6p52q00000gn/T/chromatic--71525-dEeQp9e5BWco/assets/entry-preview-fb6629d6.js                 1.12 kB │ gzip:   0.66 kB
../../../../../../var/folders/r4/11f1xhrx16sgtd6gwd6p52q00000gn/T/chromatic--71525-dEeQp9e5BWco/assets/index-11d98b33.js                         2.59 kB │ gzip:   1.26 kB
../../../../../../var/folders/r4/11f1xhrx16sgtd6gwd6p52q00000gn/T/chromatic--71525-dEeQp9e5BWco/assets/preview-30b54f76.js                       3.21 kB │ gzip:   1.37 kB
../../../../../../var/folders/r4/11f1xhrx16sgtd6gwd6p52q00000gn/T/chromatic--71525-dEeQp9e5BWco/assets/Task.stories-2e4b3bc1.js                  3.66 kB │ gzip:   1.54 kB
../../../../../../var/folders/r4/11f1xhrx16sgtd6gwd6p52q00000gn/T/chromatic--71525-dEeQp9e5BWco/assets/iframe-75b9e29a.js                        4.64 kB │ gzip:   1.66 kB
../../../../../../var/folders/r4/11f1xhrx16sgtd6gwd6p52q00000gn/T/chromatic--71525-dEeQp9e5BWco/assets/preview-d01b88e8.js                       5.23 kB │ gzip:   2.39 kB
../../../../../../var/folders/r4/11f1xhrx16sgtd6gwd6p52q00000gn/T/chromatic--71525-dEeQp9e5BWco/assets/index-76fb7be0.js                         7.16 kB │ gzip:   2.91 kB
../../../../../../var/folders/r4/11f1xhrx16sgtd6gwd6p52q00000gn/T/chromatic--71525-dEeQp9e5BWco/assets/preview-da31036b.js                       7.62 kB │ gzip:   1.56 kB
../../../../../../var/folders/r4/11f1xhrx16sgtd6gwd6p52q00000gn/T/chromatic--71525-dEeQp9e5BWco/assets/preview-c56bf6ac.js                       8.28 kB │ gzip:   3.16 kB
../../../../../../var/folders/r4/11f1xhrx16sgtd6gwd6p52q00000gn/T/chromatic--71525-dEeQp9e5BWco/assets/index-da07a199.js                        13.61 kB │ gzip:   5.08 kB
../../../../../../var/folders/r4/11f1xhrx16sgtd6gwd6p52q00000gn/T/chromatic--71525-dEeQp9e5BWco/assets/Color-6VNJS4EI-56b6da19.js               17.64 kB │ gzip:   6.75 kB
../../../../../../var/folders/r4/11f1xhrx16sgtd6gwd6p52q00000gn/T/chromatic--71525-dEeQp9e5BWco/assets/TaskList.stories-e74cb68e.js             32.58 kB │ gzip:  12.10 kB
../../../../../../var/folders/r4/11f1xhrx16sgtd6gwd6p52q00000gn/T/chromatic--71525-dEeQp9e5BWco/assets/preview-f8bdd522.js                      34.23 kB │ gzip:  13.36 kB
../../../../../../var/folders/r4/11f1xhrx16sgtd6gwd6p52q00000gn/T/chromatic--71525-dEeQp9e5BWco/assets/preview-21802b0a.js                      72.07 kB │ gzip:  24.33 kB
../../../../../../var/folders/r4/11f1xhrx16sgtd6gwd6p52q00000gn/T/chromatic--71525-dEeQp9e5BWco/assets/_getPrototype-1e53b583.js                78.40 kB │ gzip:  23.40 kB
../../../../../../var/folders/r4/11f1xhrx16sgtd6gwd6p52q00000gn/T/chromatic--71525-dEeQp9e5BWco/assets/react-18-236157c6.js                    134.55 kB │ gzip:  43.44 kB
../../../../../../var/folders/r4/11f1xhrx16sgtd6gwd6p52q00000gn/T/chromatic--71525-dEeQp9e5BWco/assets/entry-preview-docs-17bdf6ae.js          212.41 kB │ gzip:  65.84 kB
../../../../../../var/folders/r4/11f1xhrx16sgtd6gwd6p52q00000gn/T/chromatic--71525-dEeQp9e5BWco/assets/index-03d05a58.js                       375.25 kB │ gzip: 115.53 kB
../../../../../../var/folders/r4/11f1xhrx16sgtd6gwd6p52q00000gn/T/chromatic--71525-dEeQp9e5BWco/assets/DocsRenderer-NNNQARDV-f9a13844.js       537.37 kB │ gzip: 175.09 kB
../../../../../../var/folders/r4/11f1xhrx16sgtd6gwd6p52q00000gn/T/chromatic--71525-dEeQp9e5BWco/assets/axe-c259e37e.js                         556.42 kB │ gzip: 152.71 kB
../../../../../../var/folders/r4/11f1xhrx16sgtd6gwd6p52q00000gn/T/chromatic--71525-dEeQp9e5BWco/assets/InboxScreen.stories-2397fc45.js         562.37 kB │ gzip: 148.54 kB
../../../../../../var/folders/r4/11f1xhrx16sgtd6gwd6p52q00000gn/T/chromatic--71525-dEeQp9e5BWco/assets/formatter-SWP5E3XI-23077c1e.js          601.64 kB │ gzip: 185.03 kB

(!) Some chunks are larger than 500 kBs after minification. Consider:
- Using dynamic import() to code-split the application
- Use build.rollupOptions.output.manualChunks to improve chunking: https://rollupjs.org/configuration-options/#output-manualchunks
- Adjust chunk size limit for this warning via build.chunkSizeWarningLimit.
✓ built in 5.69s
info => Preview built (6.02 s)
info => Output directory: /var/folders/r4/11f1xhrx16sgtd6gwd6p52q00000gn/T/chromatic--71525-dEeQp9e5BWco
